<?xml version="1.0" encoding="UTF-8"?>
<testsuite name="com.tessmero.projecteuler.solutions.FullSolverTest" tests="0" skipped="0" failures="0" errors="0" timestamp="1970-01-01T00:00:00" hostname="PRL-CJHEN-WS1" time="0.0">
  <properties/>
  <system-out><![CDATA[635 [Test worker] DEBUG org.springframework.test.context.junit4.SpringJUnit4ClassRunner  - SpringJUnit4ClassRunner constructor called with [class com.tessmero.projecteuler.solutions.FullSolverTest].
636 [Test worker] DEBUG org.springframework.test.context.BootstrapUtils  - Instantiating TestContextBootstrapper from class [org.springframework.test.context.support.DefaultTestContextBootstrapper]
637 [Test worker] DEBUG org.springframework.test.context.support.DefaultTestContextBootstrapper  - Found explicit ContextLoader class [org.springframework.test.context.support.AnnotationConfigContextLoader] for context configuration attributes [ContextConfigurationAttributes@68f5aff2 declaringClass = 'util.BaseTest', classes = '{class util.BaseTest$AppConfig}', locations = '{}', inheritLocations = true, initializers = '{}', inheritInitializers = true, name = [null], contextLoaderClass = 'org.springframework.test.context.support.AnnotationConfigContextLoader']
637 [Test worker] DEBUG org.springframework.test.context.support.ActiveProfilesUtils  - Could not find an 'annotation declaring class' for annotation type [org.springframework.test.context.ActiveProfiles] and class [com.tessmero.projecteuler.solutions.FullSolverTest]
638 [Test worker] DEBUG org.springframework.test.context.support.DefaultTestContextBootstrapper  - @TestExecutionListeners is not present for class [com.tessmero.projecteuler.solutions.FullSolverTest]: using defaults.
641 [Test worker] INFO org.springframework.test.context.support.DefaultTestContextBootstrapper  - Loaded default TestExecutionListener class names from location [META-INF/spring.factories]: [org.springframework.test.context.web.ServletTestExecutionListener, org.springframework.test.context.support.DependencyInjectionTestExecutionListener, org.springframework.test.context.support.DirtiesContextTestExecutionListener, org.springframework.test.context.transaction.TransactionalTestExecutionListener, org.springframework.test.context.jdbc.SqlScriptsTestExecutionListener]
642 [Test worker] INFO org.springframework.test.context.support.DefaultTestContextBootstrapper  - Could not instantiate TestExecutionListener [org.springframework.test.context.jdbc.SqlScriptsTestExecutionListener]. Specify custom listener classes or make the default listener classes (and their required dependencies) available. Offending class: [org/springframework/transaction/interceptor/TransactionAttribute]
642 [Test worker] INFO org.springframework.test.context.support.DefaultTestContextBootstrapper  - Could not instantiate TestExecutionListener [org.springframework.test.context.web.ServletTestExecutionListener]. Specify custom listener classes or make the default listener classes (and their required dependencies) available. Offending class: [javax/servlet/ServletContext]
642 [Test worker] INFO org.springframework.test.context.support.DefaultTestContextBootstrapper  - Could not instantiate TestExecutionListener [org.springframework.test.context.transaction.TransactionalTestExecutionListener]. Specify custom listener classes or make the default listener classes (and their required dependencies) available. Offending class: [org/springframework/transaction/interceptor/TransactionAttributeSource]
642 [Test worker] INFO org.springframework.test.context.support.DefaultTestContextBootstrapper  - Using TestExecutionListeners: [org.springframework.test.context.support.DependencyInjectionTestExecutionListener@5b83c872, org.springframework.test.context.support.DirtiesContextTestExecutionListener@32ffa058]
643 [Test worker] DEBUG org.springframework.test.annotation.ProfileValueUtils  - Retrieved @ProfileValueSourceConfiguration [null] for test class [com.tessmero.projecteuler.solutions.FullSolverTest]
643 [Test worker] DEBUG org.springframework.test.annotation.ProfileValueUtils  - Retrieved ProfileValueSource type [class org.springframework.test.annotation.SystemProfileValueSource] for class [com.tessmero.projecteuler.solutions.FullSolverTest]
643 [Test worker] DEBUG org.springframework.test.annotation.ProfileValueUtils  - Retrieved @ProfileValueSourceConfiguration [null] for test class [com.tessmero.projecteuler.solutions.FullSolverTest]
643 [Test worker] DEBUG org.springframework.test.annotation.ProfileValueUtils  - Retrieved ProfileValueSource type [class org.springframework.test.annotation.SystemProfileValueSource] for class [com.tessmero.projecteuler.solutions.FullSolverTest]
647 [Test worker] DEBUG org.springframework.test.context.junit4.SpringJUnit4ClassRunner  - SpringJUnit4ClassRunner constructor called with [class com.tessmero.projecteuler.solutions.FullSolverTest].
648 [Test worker] DEBUG org.springframework.test.context.BootstrapUtils  - Instantiating TestContextBootstrapper from class [org.springframework.test.context.support.DefaultTestContextBootstrapper]
648 [Test worker] DEBUG org.springframework.test.context.support.DefaultTestContextBootstrapper  - Found explicit ContextLoader class [org.springframework.test.context.support.AnnotationConfigContextLoader] for context configuration attributes [ContextConfigurationAttributes@684f4228 declaringClass = 'util.BaseTest', classes = '{class util.BaseTest$AppConfig}', locations = '{}', inheritLocations = true, initializers = '{}', inheritInitializers = true, name = [null], contextLoaderClass = 'org.springframework.test.context.support.AnnotationConfigContextLoader']
649 [Test worker] DEBUG org.springframework.test.context.support.ActiveProfilesUtils  - Could not find an 'annotation declaring class' for annotation type [org.springframework.test.context.ActiveProfiles] and class [com.tessmero.projecteuler.solutions.FullSolverTest]
649 [Test worker] DEBUG org.springframework.test.context.support.DefaultTestContextBootstrapper  - @TestExecutionListeners is not present for class [com.tessmero.projecteuler.solutions.FullSolverTest]: using defaults.
650 [Test worker] INFO org.springframework.test.context.support.DefaultTestContextBootstrapper  - Loaded default TestExecutionListener class names from location [META-INF/spring.factories]: [org.springframework.test.context.web.ServletTestExecutionListener, org.springframework.test.context.support.DependencyInjectionTestExecutionListener, org.springframework.test.context.support.DirtiesContextTestExecutionListener, org.springframework.test.context.transaction.TransactionalTestExecutionListener, org.springframework.test.context.jdbc.SqlScriptsTestExecutionListener]
651 [Test worker] INFO org.springframework.test.context.support.DefaultTestContextBootstrapper  - Could not instantiate TestExecutionListener [org.springframework.test.context.jdbc.SqlScriptsTestExecutionListener]. Specify custom listener classes or make the default listener classes (and their required dependencies) available. Offending class: [org/springframework/transaction/interceptor/TransactionAttribute]
651 [Test worker] INFO org.springframework.test.context.support.DefaultTestContextBootstrapper  - Could not instantiate TestExecutionListener [org.springframework.test.context.web.ServletTestExecutionListener]. Specify custom listener classes or make the default listener classes (and their required dependencies) available. Offending class: [javax/servlet/ServletContext]
653 [Test worker] INFO org.springframework.test.context.support.DefaultTestContextBootstrapper  - Could not instantiate TestExecutionListener [org.springframework.test.context.transaction.TransactionalTestExecutionListener]. Specify custom listener classes or make the default listener classes (and their required dependencies) available. Offending class: [org/springframework/transaction/interceptor/TransactionAttributeSource]
653 [Test worker] INFO org.springframework.test.context.support.DefaultTestContextBootstrapper  - Using TestExecutionListeners: [org.springframework.test.context.support.DependencyInjectionTestExecutionListener@411cd60, org.springframework.test.context.support.DirtiesContextTestExecutionListener@4836438f]
653 [Test worker] DEBUG org.springframework.test.annotation.ProfileValueUtils  - Retrieved @ProfileValueSourceConfiguration [null] for test class [com.tessmero.projecteuler.solutions.FullSolverTest]
653 [Test worker] DEBUG org.springframework.test.annotation.ProfileValueUtils  - Retrieved ProfileValueSource type [class org.springframework.test.annotation.SystemProfileValueSource] for class [com.tessmero.projecteuler.solutions.FullSolverTest]
]]></system-out>
  <system-err><![CDATA[]]></system-err>
</testsuite>
