<?xml version="1.0" encoding="UTF-8"?>
<testsuite name="com.tessmero.projecteuler.solutions.FastSolverTest" tests="1" skipped="0" failures="0" errors="0" timestamp="2017-04-21T14:41:51" hostname="PRL-CJHEN-WS1" time="0.239">
  <properties/>
  <testcase name="testAllSolvers" classname="com.tessmero.projecteuler.solutions.FastSolverTest" time="0.239"/>
  <system-out><![CDATA[83 [Test worker] DEBUG org.springframework.test.annotation.ProfileValueUtils  - Retrieved @ProfileValueSourceConfiguration [null] for test class [com.tessmero.projecteuler.solutions.FastSolverTest]
84 [Test worker] DEBUG org.springframework.test.annotation.ProfileValueUtils  - Retrieved ProfileValueSource type [class org.springframework.test.annotation.SystemProfileValueSource] for class [com.tessmero.projecteuler.solutions.FastSolverTest]
86 [Test worker] DEBUG org.springframework.test.context.support.DependencyInjectionTestExecutionListener  - Performing dependency injection for test context [[DefaultTestContext@29a68414 testClass = FastSolverTest, testInstance = com.tessmero.projecteuler.solutions.FastSolverTest@3b4958e0, testMethod = [null], testException = [null], mergedContextConfiguration = [MergedContextConfiguration@60d8648d testClass = FastSolverTest, locations = '{}', classes = '{class util.BaseTest$AppConfig}', contextInitializerClasses = '[]', activeProfiles = '{}', propertySourceLocations = '{}', propertySourceProperties = '{}', contextLoader = 'org.springframework.test.context.support.AnnotationConfigContextLoader', parent = [null]]]].
86 [Test worker] DEBUG org.springframework.test.context.support.AbstractGenericContextLoader  - Loading ApplicationContext for merged context configuration [[MergedContextConfiguration@60d8648d testClass = FastSolverTest, locations = '{}', classes = '{class util.BaseTest$AppConfig}', contextInitializerClasses = '[]', activeProfiles = '{}', propertySourceLocations = '{}', propertySourceProperties = '{}', contextLoader = 'org.springframework.test.context.support.AnnotationConfigContextLoader', parent = [null]]].
176 [Test worker] DEBUG org.springframework.core.env.StandardEnvironment  - Adding [systemProperties] PropertySource with lowest search precedence
178 [Test worker] DEBUG org.springframework.core.env.StandardEnvironment  - Adding [systemEnvironment] PropertySource with lowest search precedence
178 [Test worker] DEBUG org.springframework.core.env.StandardEnvironment  - Initialized StandardEnvironment with PropertySources [systemProperties,systemEnvironment]
179 [Test worker] DEBUG org.springframework.test.context.support.AnnotationConfigContextLoader  - Registering annotated classes: {class util.BaseTest$AppConfig}
222 [Test worker] INFO org.springframework.context.support.GenericApplicationContext  - Refreshing org.springframework.context.support.GenericApplicationContext@12518a8b: startup date [Fri Apr 21 10:41:51 EDT 2017]; root of context hierarchy
223 [Test worker] DEBUG org.springframework.context.support.GenericApplicationContext  - Bean factory for org.springframework.context.support.GenericApplicationContext@12518a8b: org.springframework.beans.factory.support.DefaultListableBeanFactory@4ddc308b: defining beans [org.springframework.context.annotation.internalConfigurationAnnotationProcessor,org.springframework.context.annotation.internalAutowiredAnnotationProcessor,org.springframework.context.annotation.internalRequiredAnnotationProcessor,org.springframework.context.annotation.internalCommonAnnotationProcessor,baseTest.AppConfig]; root of factory hierarchy
237 [Test worker] DEBUG org.springframework.beans.factory.support.DefaultListableBeanFactory  - Creating shared instance of singleton bean 'org.springframework.context.annotation.internalConfigurationAnnotationProcessor'
237 [Test worker] DEBUG org.springframework.beans.factory.support.DefaultListableBeanFactory  - Creating instance of bean 'org.springframework.context.annotation.internalConfigurationAnnotationProcessor'
254 [Test worker] DEBUG org.springframework.beans.factory.support.DefaultListableBeanFactory  - Eagerly caching bean 'org.springframework.context.annotation.internalConfigurationAnnotationProcessor' to allow for resolving potential circular references
256 [Test worker] DEBUG org.springframework.beans.factory.support.DefaultListableBeanFactory  - Finished creating instance of bean 'org.springframework.context.annotation.internalConfigurationAnnotationProcessor'
345 [Test worker] DEBUG org.springframework.context.annotation.ConfigurationClassEnhancer  - Successfully enhanced util.BaseTest$AppConfig; enhanced class name is: util.BaseTest$AppConfig$$EnhancerBySpringCGLIB$$af5044f5
345 [Test worker] DEBUG org.springframework.context.annotation.ConfigurationClassPostProcessor  - Replacing bean definition 'baseTest.AppConfig' existing class name 'util.BaseTest$AppConfig' with enhanced class name 'util.BaseTest$AppConfig$$EnhancerBySpringCGLIB$$af5044f5'
346 [Test worker] DEBUG org.springframework.beans.factory.support.DefaultListableBeanFactory  - Creating shared instance of singleton bean 'org.springframework.context.annotation.internalAutowiredAnnotationProcessor'
346 [Test worker] DEBUG org.springframework.beans.factory.support.DefaultListableBeanFactory  - Creating instance of bean 'org.springframework.context.annotation.internalAutowiredAnnotationProcessor'
348 [Test worker] DEBUG org.springframework.beans.factory.support.DefaultListableBeanFactory  - Eagerly caching bean 'org.springframework.context.annotation.internalAutowiredAnnotationProcessor' to allow for resolving potential circular references
348 [Test worker] DEBUG org.springframework.beans.factory.support.DefaultListableBeanFactory  - Finished creating instance of bean 'org.springframework.context.annotation.internalAutowiredAnnotationProcessor'
348 [Test worker] DEBUG org.springframework.beans.factory.support.DefaultListableBeanFactory  - Creating shared instance of singleton bean 'org.springframework.context.annotation.internalRequiredAnnotationProcessor'
348 [Test worker] DEBUG org.springframework.beans.factory.support.DefaultListableBeanFactory  - Creating instance of bean 'org.springframework.context.annotation.internalRequiredAnnotationProcessor'
349 [Test worker] DEBUG org.springframework.beans.factory.support.DefaultListableBeanFactory  - Eagerly caching bean 'org.springframework.context.annotation.internalRequiredAnnotationProcessor' to allow for resolving potential circular references
349 [Test worker] DEBUG org.springframework.beans.factory.support.DefaultListableBeanFactory  - Finished creating instance of bean 'org.springframework.context.annotation.internalRequiredAnnotationProcessor'
349 [Test worker] DEBUG org.springframework.beans.factory.support.DefaultListableBeanFactory  - Creating shared instance of singleton bean 'org.springframework.context.annotation.internalCommonAnnotationProcessor'
349 [Test worker] DEBUG org.springframework.beans.factory.support.DefaultListableBeanFactory  - Creating instance of bean 'org.springframework.context.annotation.internalCommonAnnotationProcessor'
355 [Test worker] DEBUG org.springframework.beans.factory.support.DefaultListableBeanFactory  - Eagerly caching bean 'org.springframework.context.annotation.internalCommonAnnotationProcessor' to allow for resolving potential circular references
356 [Test worker] DEBUG org.springframework.beans.factory.support.DefaultListableBeanFactory  - Finished creating instance of bean 'org.springframework.context.annotation.internalCommonAnnotationProcessor'
356 [Test worker] DEBUG org.springframework.beans.factory.support.DefaultListableBeanFactory  - Creating shared instance of singleton bean 'org.springframework.context.annotation.ConfigurationClassPostProcessor.importAwareProcessor'
356 [Test worker] DEBUG org.springframework.beans.factory.support.DefaultListableBeanFactory  - Creating instance of bean 'org.springframework.context.annotation.ConfigurationClassPostProcessor.importAwareProcessor'
356 [Test worker] DEBUG org.springframework.beans.factory.support.DefaultListableBeanFactory  - Eagerly caching bean 'org.springframework.context.annotation.ConfigurationClassPostProcessor.importAwareProcessor' to allow for resolving potential circular references
357 [Test worker] DEBUG org.springframework.beans.factory.support.DefaultListableBeanFactory  - Finished creating instance of bean 'org.springframework.context.annotation.ConfigurationClassPostProcessor.importAwareProcessor'
357 [Test worker] DEBUG org.springframework.beans.factory.support.DefaultListableBeanFactory  - Creating shared instance of singleton bean 'org.springframework.context.annotation.ConfigurationClassPostProcessor.enhancedConfigurationProcessor'
357 [Test worker] DEBUG org.springframework.beans.factory.support.DefaultListableBeanFactory  - Creating instance of bean 'org.springframework.context.annotation.ConfigurationClassPostProcessor.enhancedConfigurationProcessor'
357 [Test worker] DEBUG org.springframework.beans.factory.support.DefaultListableBeanFactory  - Eagerly caching bean 'org.springframework.context.annotation.ConfigurationClassPostProcessor.enhancedConfigurationProcessor' to allow for resolving potential circular references
357 [Test worker] DEBUG org.springframework.beans.factory.support.DefaultListableBeanFactory  - Finished creating instance of bean 'org.springframework.context.annotation.ConfigurationClassPostProcessor.enhancedConfigurationProcessor'
360 [Test worker] DEBUG org.springframework.context.support.GenericApplicationContext  - Unable to locate MessageSource with name 'messageSource': using default [org.springframework.context.support.DelegatingMessageSource@38ee3cbd]
362 [Test worker] DEBUG org.springframework.context.support.GenericApplicationContext  - Unable to locate ApplicationEventMulticaster with name 'applicationEventMulticaster': using default [org.springframework.context.event.SimpleApplicationEventMulticaster@285dd9d8]
363 [Test worker] DEBUG org.springframework.beans.factory.support.DefaultListableBeanFactory  - Pre-instantiating singletons in org.springframework.beans.factory.support.DefaultListableBeanFactory@4ddc308b: defining beans [org.springframework.context.annotation.internalConfigurationAnnotationProcessor,org.springframework.context.annotation.internalAutowiredAnnotationProcessor,org.springframework.context.annotation.internalRequiredAnnotationProcessor,org.springframework.context.annotation.internalCommonAnnotationProcessor,baseTest.AppConfig,org.springframework.context.annotation.ConfigurationClassPostProcessor.importAwareProcessor,org.springframework.context.annotation.ConfigurationClassPostProcessor.enhancedConfigurationProcessor]; root of factory hierarchy
363 [Test worker] DEBUG org.springframework.beans.factory.support.DefaultListableBeanFactory  - Returning cached instance of singleton bean 'org.springframework.context.annotation.internalConfigurationAnnotationProcessor'
363 [Test worker] DEBUG org.springframework.beans.factory.support.DefaultListableBeanFactory  - Returning cached instance of singleton bean 'org.springframework.context.annotation.internalAutowiredAnnotationProcessor'
363 [Test worker] DEBUG org.springframework.beans.factory.support.DefaultListableBeanFactory  - Returning cached instance of singleton bean 'org.springframework.context.annotation.internalRequiredAnnotationProcessor'
364 [Test worker] DEBUG org.springframework.beans.factory.support.DefaultListableBeanFactory  - Returning cached instance of singleton bean 'org.springframework.context.annotation.internalCommonAnnotationProcessor'
364 [Test worker] DEBUG org.springframework.beans.factory.support.DefaultListableBeanFactory  - Creating shared instance of singleton bean 'baseTest.AppConfig'
365 [Test worker] DEBUG org.springframework.beans.factory.support.DefaultListableBeanFactory  - Creating instance of bean 'baseTest.AppConfig'
368 [Test worker] DEBUG org.springframework.beans.factory.support.DefaultListableBeanFactory  - Eagerly caching bean 'baseTest.AppConfig' to allow for resolving potential circular references
384 [Test worker] DEBUG org.springframework.beans.factory.support.DefaultListableBeanFactory  - Finished creating instance of bean 'baseTest.AppConfig'
384 [Test worker] DEBUG org.springframework.beans.factory.support.DefaultListableBeanFactory  - Returning cached instance of singleton bean 'org.springframework.context.annotation.ConfigurationClassPostProcessor.importAwareProcessor'
384 [Test worker] DEBUG org.springframework.beans.factory.support.DefaultListableBeanFactory  - Returning cached instance of singleton bean 'org.springframework.context.annotation.ConfigurationClassPostProcessor.enhancedConfigurationProcessor'
386 [Test worker] DEBUG org.springframework.context.support.GenericApplicationContext  - Unable to locate LifecycleProcessor with name 'lifecycleProcessor': using default [org.springframework.context.support.DefaultLifecycleProcessor@b317e08]
386 [Test worker] DEBUG org.springframework.beans.factory.support.DefaultListableBeanFactory  - Returning cached instance of singleton bean 'lifecycleProcessor'
388 [Test worker] DEBUG org.springframework.core.env.PropertySourcesPropertyResolver  - Searching for key 'spring.liveBeansView.mbeanDomain' in [systemProperties]
388 [Test worker] DEBUG org.springframework.core.env.PropertySourcesPropertyResolver  - Searching for key 'spring.liveBeansView.mbeanDomain' in [systemEnvironment]
388 [Test worker] DEBUG org.springframework.core.env.PropertySourcesPropertyResolver  - Could not find key 'spring.liveBeansView.mbeanDomain' in any property source. Returning [null]
388 [Test worker] DEBUG org.springframework.test.context.DefaultCacheAwareContextLoaderDelegate  - Storing ApplicationContext in cache under key [[MergedContextConfiguration@60d8648d testClass = FastSolverTest, locations = '{}', classes = '{class util.BaseTest$AppConfig}', contextInitializerClasses = '[]', activeProfiles = '{}', propertySourceLocations = '{}', propertySourceProperties = '{}', contextLoader = 'org.springframework.test.context.support.AnnotationConfigContextLoader', parent = [null]]]
389 [Test worker] DEBUG org.springframework.test.context.cache  - Spring test ApplicationContext cache statistics: [ContextCache@121819ad size = 1, hitCount = 0, missCount = 1, parentContextCount = 0]
doTest
442 [Test worker] INFO com.tessmero.projecteuler.solutions.FastSolverTest  - quick-testing Solver01...
443 [Test worker] INFO com.tessmero.projecteuler.solutions.FastSolverTest  - got expected quick-test result (23) from Solver01: https://projecteuler.net/problem=1
443 [Test worker] INFO com.tessmero.projecteuler.solutions.FastSolverTest  - quick-testing Solver02...
443 [Test worker] INFO com.tessmero.projecteuler.solutions.FastSolverTest  - got expected quick-test result (44) from Solver02: https://projecteuler.net/problem=2
444 [Test worker] INFO com.tessmero.projecteuler.solutions.FastSolverTest  - quick-testing Solver03...
448 [Test worker] INFO com.tessmero.projecteuler.solutions.FastSolverTest  - got expected quick-test result (29) from Solver03: https://projecteuler.net/problem=3
448 [Test worker] INFO com.tessmero.projecteuler.solutions.FastSolverTest  - quick-testing Solver04...
451 [Test worker] INFO com.tessmero.projecteuler.solutions.FastSolverTest  - got expected quick-test result (9009) from Solver04: https://projecteuler.net/problem=4
451 [Test worker] INFO com.tessmero.projecteuler.solutions.FastSolverTest  - quick-testing Solver05...
452 [Test worker] INFO com.tessmero.projecteuler.solutions.FastSolverTest  - got expected quick-test result (2520) from Solver05: https://projecteuler.net/problem=5
452 [Test worker] INFO com.tessmero.projecteuler.solutions.FastSolverTest  - quick-testing Solver06...
452 [Test worker] INFO com.tessmero.projecteuler.solutions.FastSolverTest  - got expected quick-test result (2640) from Solver06: https://projecteuler.net/problem=6
452 [Test worker] INFO com.tessmero.projecteuler.solutions.FastSolverTest  - quick-testing Solver07...
452 [Test worker] INFO com.tessmero.projecteuler.solutions.FastSolverTest  - got expected quick-test result (13) from Solver07: https://projecteuler.net/problem=7
452 [Test worker] INFO com.tessmero.projecteuler.solutions.FastSolverTest  - quick-testing Solver08...
453 [Test worker] INFO com.tessmero.projecteuler.solutions.FastSolverTest  - got expected quick-test result (5832) from Solver08: https://projecteuler.net/problem=8
453 [Test worker] INFO com.tessmero.projecteuler.solutions.FastSolverTest  - quick-testing Solver09...
453 [Test worker] INFO com.tessmero.projecteuler.solutions.FastSolverTest  - got expected quick-test result (60) from Solver09: https://projecteuler.net/problem=9
453 [Test worker] INFO com.tessmero.projecteuler.solutions.FastSolverTest  - quick-testing Solver10...
454 [Test worker] INFO com.tessmero.projecteuler.solutions.FastSolverTest  - got expected quick-test result (17) from Solver10: https://projecteuler.net/problem=10
454 [Test worker] INFO com.tessmero.projecteuler.solutions.FastSolverTest  - quick-testing Solver11...
457 [Test worker] INFO com.tessmero.projecteuler.solutions.FastSolverTest  - got expected quick-test result (1788696) from Solver11: https://projecteuler.net/problem=11
458 [Test worker] INFO com.tessmero.projecteuler.solutions.FastSolverTest  - quick-testing Solver12...
466 [Test worker] INFO com.tessmero.projecteuler.solutions.FastSolverTest  - got expected quick-test result (28) from Solver12: https://projecteuler.net/problem=12
466 [Test worker] INFO com.tessmero.projecteuler.solutions.FastSolverTest  - quick-testing Solver13...
467 [Test worker] INFO com.tessmero.projecteuler.solutions.FastSolverTest  - got expected quick-test result (8348422521) from Solver13: https://projecteuler.net/problem=13
467 [Test worker] INFO com.tessmero.projecteuler.solutions.FastSolverTest  - quick-testing Solver14...
468 [Test worker] INFO com.tessmero.projecteuler.solutions.FastSolverTest  - got expected quick-test result (10) from Solver14: https://projecteuler.net/problem=14
468 [Test worker] INFO com.tessmero.projecteuler.solutions.FastSolverTest  - quick-testing Solver15...
468 [Test worker] INFO com.tessmero.projecteuler.solutions.FastSolverTest  - got expected quick-test result (6) from Solver15: https://projecteuler.net/problem=15
468 [Test worker] INFO com.tessmero.projecteuler.solutions.FastSolverTest  - quick-testing Solver16...
473 [Test worker] INFO com.tessmero.projecteuler.solutions.FastSolverTest  - got expected quick-test result (26) from Solver16: https://projecteuler.net/problem=16
473 [Test worker] INFO com.tessmero.projecteuler.solutions.FastSolverTest  - quick-testing Solver17...
476 [Test worker] INFO com.tessmero.projecteuler.solutions.FastSolverTest  - got expected quick-test result (23) from Solver17: https://projecteuler.net/problem=17
476 [Test worker] INFO com.tessmero.projecteuler.solutions.FastSolverTest  - quick-testing Solver18...
476 [Test worker] INFO com.tessmero.projecteuler.solutions.FastSolverTest  - got expected quick-test result (23) from Solver18: https://projecteuler.net/problem=18
476 [Test worker] INFO com.tessmero.projecteuler.solutions.FastSolverTest  - quick-testing Solver19...
595 [Test worker] INFO com.tessmero.projecteuler.solutions.FastSolverTest  - got expected quick-test result (171) from Solver19: https://projecteuler.net/problem=19
595 [Test worker] INFO com.tessmero.projecteuler.solutions.FastSolverTest  - quick-testing Solver20...
595 [Test worker] INFO com.tessmero.projecteuler.solutions.FastSolverTest  - got expected quick-test result (27) from Solver20: https://projecteuler.net/problem=20
595 [Test worker] INFO com.tessmero.projecteuler.solutions.FastSolverTest  - quick-testing Solver21...
595 [Test worker] INFO com.tessmero.projecteuler.solutions.FastSolverTest  - got expected quick-test result (220) from Solver21: https://projecteuler.net/problem=21
596 [Test worker] INFO com.tessmero.projecteuler.solutions.FastSolverTest  - quick-testing Solver22...
596 [Test worker] INFO com.tessmero.projecteuler.solutions.FastSolverTest  - got expected quick-test result (49714) from Solver22: https://projecteuler.net/problem=22
596 [Test worker] INFO com.tessmero.projecteuler.solutions.FastSolverTest  - quick-testing Solver25...
598 [Test worker] INFO com.tessmero.projecteuler.solutions.FastSolverTest  - got expected quick-test result (12) from Solver25: https://projecteuler.net/problem=25
598 [Test worker] INFO com.tessmero.projecteuler.solutions.FastSolverTest  - quick-testing Solver26...
629 [Test worker] INFO com.tessmero.projecteuler.solutions.FastSolverTest  - got expected quick-test result (7) from Solver26: https://projecteuler.net/problem=26
629 [Test worker] INFO com.tessmero.projecteuler.solutions.FastSolverTest  - quick-testing Solver67...
629 [Test worker] INFO com.tessmero.projecteuler.solutions.FastSolverTest  - got expected quick-test result (23) from Solver67: https://projecteuler.net/problem=67
632 [Test worker] DEBUG org.springframework.test.context.support.DirtiesContextTestExecutionListener  - After test method: context [DefaultTestContext@29a68414 testClass = FastSolverTest, testInstance = com.tessmero.projecteuler.solutions.FastSolverTest@3b4958e0, testMethod = testAllSolvers@FastSolverTest, testException = [null], mergedContextConfiguration = [MergedContextConfiguration@60d8648d testClass = FastSolverTest, locations = '{}', classes = '{class util.BaseTest$AppConfig}', contextInitializerClasses = '[]', activeProfiles = '{}', propertySourceLocations = '{}', propertySourceProperties = '{}', contextLoader = 'org.springframework.test.context.support.AnnotationConfigContextLoader', parent = [null]]], class dirties context [false], class mode [null], method dirties context [false].
633 [Test worker] DEBUG org.springframework.test.context.support.DirtiesContextTestExecutionListener  - After test class: context [DefaultTestContext@29a68414 testClass = FastSolverTest, testInstance = [null], testMethod = [null], testException = [null], mergedContextConfiguration = [MergedContextConfiguration@60d8648d testClass = FastSolverTest, locations = '{}', classes = '{class util.BaseTest$AppConfig}', contextInitializerClasses = '[]', activeProfiles = '{}', propertySourceLocations = '{}', propertySourceProperties = '{}', contextLoader = 'org.springframework.test.context.support.AnnotationConfigContextLoader', parent = [null]]], dirtiesContext [false].
]]></system-out>
  <system-err><![CDATA[log4j:WARN No appenders could be found for logger (org.springframework.test.context.junit4.SpringJUnit4ClassRunner).
log4j:WARN Please initialize the log4j system properly.
log4j:WARN See http://logging.apache.org/log4j/1.2/faq.html#noconfig for more info.
]]></system-err>
</testsuite>
