<?xml version="1.0" encoding="UTF-8"?>
<testsuite name="util.BaseTest" tests="1" skipped="1" failures="0" errors="0" timestamp="2017-04-21T14:41:51" hostname="PRL-CJHEN-WS1" time="0.0">
  <properties/>
  <testcase name="initializationError" classname="util.BaseTest" time="0.0">
    <skipped/>
  </testcase>
  <system-out><![CDATA[]]></system-out>
  <system-err><![CDATA[]]></system-err>
</testsuite>
